mode: set
course_project/pkg/sending/csv_model.go:13.60,14.36 1 1
course_project/pkg/sending/csv_model.go:20.2,20.14 1 1
course_project/pkg/sending/csv_model.go:14.36,15.18 1 1
course_project/pkg/sending/csv_model.go:15.18,17.4 1 1
course_project/pkg/sending/csv_model.go:23.54,24.33 1 0
course_project/pkg/sending/csv_model.go:30.2,30.11 1 0
course_project/pkg/sending/csv_model.go:24.33,25.33 1 0
course_project/pkg/sending/csv_model.go:25.33,27.4 1 0
course_project/pkg/sending/csv_model.go:33.39,34.31 1 0
course_project/pkg/sending/csv_model.go:50.2,50.12 1 0
course_project/pkg/sending/csv_model.go:34.31,35.32 1 0
course_project/pkg/sending/csv_model.go:35.32,37.18 2 0
course_project/pkg/sending/csv_model.go:40.4,40.10 1 0
course_project/pkg/sending/csv_model.go:37.18,39.5 1 0
course_project/pkg/sending/csv_model.go:40.10,43.25 2 0
course_project/pkg/sending/csv_model.go:43.25,45.6 1 0
course_project/pkg/sending/parse_csv.go:18.42,23.41 4 0
course_project/pkg/sending/parse_csv.go:27.2,27.15 1 0
course_project/pkg/sending/parse_csv.go:23.41,25.3 1 0
course_project/pkg/sending/parse_csv.go:30.42,33.16 2 0
course_project/pkg/sending/parse_csv.go:37.2,41.56 3 0
course_project/pkg/sending/parse_csv.go:45.2,47.16 2 0
course_project/pkg/sending/parse_csv.go:51.2,51.42 1 0
course_project/pkg/sending/parse_csv.go:55.2,55.12 1 0
course_project/pkg/sending/parse_csv.go:33.16,35.3 1 0
course_project/pkg/sending/parse_csv.go:41.56,43.3 1 0
course_project/pkg/sending/parse_csv.go:47.16,49.3 1 0
course_project/pkg/sending/parse_csv.go:51.42,53.3 1 0
course_project/pkg/sending/parse_csv.go:58.87,59.25 1 0
course_project/pkg/sending/parse_csv.go:65.2,66.16 2 0
course_project/pkg/sending/parse_csv.go:69.2,71.16 2 0
course_project/pkg/sending/parse_csv.go:75.2,75.17 1 0
course_project/pkg/sending/parse_csv.go:59.25,60.57 1 0
course_project/pkg/sending/parse_csv.go:60.57,62.4 1 0
course_project/pkg/sending/parse_csv.go:66.16,68.3 1 0
course_project/pkg/sending/parse_csv.go:71.16,73.3 1 0
course_project/pkg/sending/parse_csv.go:78.94,79.32 1 1
course_project/pkg/sending/parse_csv.go:87.2,87.36 1 1
course_project/pkg/sending/parse_csv.go:96.2,96.17 1 1
course_project/pkg/sending/parse_csv.go:79.32,82.60 2 1
course_project/pkg/sending/parse_csv.go:82.60,84.4 1 0
course_project/pkg/sending/parse_csv.go:87.36,89.9 2 1
course_project/pkg/sending/parse_csv.go:89.9,90.61 1 1
course_project/pkg/sending/parse_csv.go:90.61,92.5 1 1
course_project/pkg/sending/parse_csv.go:100.83,104.39 3 0
course_project/pkg/sending/parse_csv.go:108.2,108.25 1 0
course_project/pkg/sending/parse_csv.go:120.2,120.38 1 0
course_project/pkg/sending/parse_csv.go:201.2,201.24 1 0
course_project/pkg/sending/parse_csv.go:104.39,106.3 1 0
course_project/pkg/sending/parse_csv.go:108.25,110.33 2 0
course_project/pkg/sending/parse_csv.go:117.3,117.39 1 0
course_project/pkg/sending/parse_csv.go:110.33,115.4 3 0
course_project/pkg/sending/parse_csv.go:120.38,125.34 4 0
course_project/pkg/sending/parse_csv.go:187.3,187.39 1 0
course_project/pkg/sending/parse_csv.go:125.34,128.18 2 0
course_project/pkg/sending/parse_csv.go:128.18,131.12 2 0
course_project/pkg/sending/parse_csv.go:135.5,136.24 2 0
course_project/pkg/sending/parse_csv.go:140.5,142.19 2 0
course_project/pkg/sending/parse_csv.go:146.5,146.11 1 0
course_project/pkg/sending/parse_csv.go:131.12,133.6 1 0
course_project/pkg/sending/parse_csv.go:136.24,138.6 1 0
course_project/pkg/sending/parse_csv.go:142.19,144.6 1 0
course_project/pkg/sending/parse_csv.go:146.11,147.18 1 0
course_project/pkg/sending/parse_csv.go:156.6,156.18 1 0
course_project/pkg/sending/parse_csv.go:147.18,148.25 1 0
course_project/pkg/sending/parse_csv.go:148.25,149.18 1 0
course_project/pkg/sending/parse_csv.go:149.18,151.14 2 0
course_project/pkg/sending/parse_csv.go:157.11,160.24 2 0
course_project/pkg/sending/parse_csv.go:160.24,161.12 1 0
course_project/pkg/sending/parse_csv.go:164.10,167.12 2 0
course_project/pkg/sending/parse_csv.go:171.5,171.58 1 0
course_project/pkg/sending/parse_csv.go:167.12,169.6 1 0
course_project/pkg/sending/parse_csv.go:171.58,172.35 1 0
course_project/pkg/sending/parse_csv.go:176.6,176.27 1 0
course_project/pkg/sending/parse_csv.go:172.35,174.7 1 0
course_project/pkg/sending/parse_csv.go:177.11,177.64 1 0
course_project/pkg/sending/parse_csv.go:177.64,178.36 1 0
course_project/pkg/sending/parse_csv.go:182.6,182.26 1 0
course_project/pkg/sending/parse_csv.go:178.36,180.7 1 0
course_project/pkg/sending/parse_csv.go:187.39,188.27 1 0
course_project/pkg/sending/parse_csv.go:188.27,190.37 2 0
course_project/pkg/sending/parse_csv.go:194.5,194.46 1 0
course_project/pkg/sending/parse_csv.go:190.37,192.6 1 0
course_project/pkg/sending/parse_csv.go:195.10,197.5 1 0
course_project/pkg/sending/parse_csv.go:206.115,211.39 4 0
course_project/pkg/sending/parse_csv.go:223.2,223.44 1 0
course_project/pkg/sending/parse_csv.go:288.2,288.19 1 0
course_project/pkg/sending/parse_csv.go:211.39,213.17 2 0
course_project/pkg/sending/parse_csv.go:216.3,217.17 2 0
course_project/pkg/sending/parse_csv.go:220.3,220.15 1 0
course_project/pkg/sending/parse_csv.go:213.17,215.4 1 0
course_project/pkg/sending/parse_csv.go:217.17,219.4 1 0
course_project/pkg/sending/parse_csv.go:224.31,225.12 1 0
course_project/pkg/sending/parse_csv.go:234.34,235.12 1 0
course_project/pkg/sending/parse_csv.go:244.29,245.12 1 0
course_project/pkg/sending/parse_csv.go:254.34,255.12 1 0
course_project/pkg/sending/parse_csv.go:264.29,265.12 1 0
course_project/pkg/sending/parse_csv.go:274.33,275.12 1 0
course_project/pkg/sending/parse_csv.go:284.10,285.81 1 0
course_project/pkg/sending/parse_csv.go:225.12,226.27 1 0
course_project/pkg/sending/parse_csv.go:226.27,228.5 1 0
course_project/pkg/sending/parse_csv.go:229.9,230.27 1 0
course_project/pkg/sending/parse_csv.go:230.27,232.5 1 0
course_project/pkg/sending/parse_csv.go:235.12,236.27 1 0
course_project/pkg/sending/parse_csv.go:236.27,238.5 1 0
course_project/pkg/sending/parse_csv.go:239.9,240.27 1 0
course_project/pkg/sending/parse_csv.go:240.27,242.5 1 0
course_project/pkg/sending/parse_csv.go:245.12,246.26 1 0
course_project/pkg/sending/parse_csv.go:246.26,248.5 1 0
course_project/pkg/sending/parse_csv.go:249.9,250.26 1 0
course_project/pkg/sending/parse_csv.go:250.26,252.5 1 0
course_project/pkg/sending/parse_csv.go:255.12,256.27 1 0
course_project/pkg/sending/parse_csv.go:256.27,258.5 1 0
course_project/pkg/sending/parse_csv.go:259.9,260.27 1 0
course_project/pkg/sending/parse_csv.go:260.27,262.5 1 0
course_project/pkg/sending/parse_csv.go:265.12,266.26 1 0
course_project/pkg/sending/parse_csv.go:266.26,268.5 1 0
course_project/pkg/sending/parse_csv.go:269.9,270.26 1 0
course_project/pkg/sending/parse_csv.go:270.26,272.5 1 0
course_project/pkg/sending/parse_csv.go:275.12,276.27 1 0
course_project/pkg/sending/parse_csv.go:276.27,278.5 1 0
course_project/pkg/sending/parse_csv.go:279.9,280.27 1 0
course_project/pkg/sending/parse_csv.go:280.27,282.5 1 0
course_project/pkg/sending/parse_csv.go:291.47,293.2 1 0
course_project/pkg/parsing/lexer.go:15.43,20.38 3 1
course_project/pkg/parsing/lexer.go:41.2,41.20 1 1
course_project/pkg/parsing/lexer.go:20.38,22.28 2 1
course_project/pkg/parsing/lexer.go:34.3,35.22 2 0
course_project/pkg/parsing/lexer.go:38.3,38.93 1 0
course_project/pkg/parsing/lexer.go:22.28,23.50 1 1
course_project/pkg/parsing/lexer.go:23.50,26.21 2 1
course_project/pkg/parsing/lexer.go:30.5,30.17 1 1
course_project/pkg/parsing/lexer.go:26.21,28.6 1 1
course_project/pkg/parsing/lexer.go:35.22,37.4 1 0
course_project/pkg/parsing/lexer.go:44.68,51.11 5 1
course_project/pkg/parsing/lexer.go:63.2,73.31 3 1
course_project/pkg/parsing/lexer.go:77.2,78.17 2 1
course_project/pkg/parsing/lexer.go:82.2,89.14 3 1
course_project/pkg/parsing/lexer.go:52.12,56.14 3 0
course_project/pkg/parsing/lexer.go:57.12,58.14 1 0
course_project/pkg/parsing/lexer.go:59.11,60.24 1 0
course_project/pkg/parsing/lexer.go:73.31,75.3 1 1
course_project/pkg/parsing/lexer.go:78.17,80.3 1 0
course_project/pkg/parsing/lexer.go:92.66,98.55 4 1
course_project/pkg/parsing/lexer.go:152.2,152.31 1 1
course_project/pkg/parsing/lexer.go:156.2,160.14 1 1
course_project/pkg/parsing/lexer.go:98.55,106.32 6 1
course_project/pkg/parsing/lexer.go:116.3,116.15 1 1
course_project/pkg/parsing/lexer.go:126.3,126.18 1 1
course_project/pkg/parsing/lexer.go:147.3,147.15 1 1
course_project/pkg/parsing/lexer.go:106.32,107.29 1 1
course_project/pkg/parsing/lexer.go:111.4,113.12 2 1
course_project/pkg/parsing/lexer.go:107.29,109.5 1 1
course_project/pkg/parsing/lexer.go:116.15,117.19 1 0
course_project/pkg/parsing/lexer.go:121.4,123.12 2 0
course_project/pkg/parsing/lexer.go:117.19,119.5 1 0
course_project/pkg/parsing/lexer.go:126.18,127.22 1 0
course_project/pkg/parsing/lexer.go:131.4,134.42 3 0
course_project/pkg/parsing/lexer.go:138.4,139.36 2 0
course_project/pkg/parsing/lexer.go:144.4,144.12 1 0
course_project/pkg/parsing/lexer.go:127.22,129.5 1 0
course_project/pkg/parsing/lexer.go:134.42,136.5 1 0
course_project/pkg/parsing/lexer.go:139.36,142.5 2 0
course_project/pkg/parsing/lexer.go:147.15,148.9 1 1
course_project/pkg/parsing/lexer.go:152.31,154.3 1 0
course_project/pkg/parsing/lexer.go:163.93,166.36 2 1
course_project/pkg/parsing/lexer.go:170.2,170.38 1 1
course_project/pkg/parsing/lexer.go:174.2,178.55 4 1
course_project/pkg/parsing/lexer.go:201.2,201.23 1 0
course_project/pkg/parsing/lexer.go:166.36,168.3 1 0
course_project/pkg/parsing/lexer.go:170.38,172.3 1 1
course_project/pkg/parsing/lexer.go:178.55,181.21 2 1
course_project/pkg/parsing/lexer.go:197.3,198.16 2 1
course_project/pkg/parsing/lexer.go:181.21,182.80 1 1
course_project/pkg/parsing/lexer.go:191.4,194.17 3 0
course_project/pkg/parsing/lexer.go:182.80,190.5 2 1
course_project/pkg/parsing/lexer.go:204.65,206.2 1 1
course_project/pkg/parsing/lexer.go:208.65,215.11 5 1
course_project/pkg/parsing/lexer.go:226.2,233.28 3 1
course_project/pkg/parsing/lexer.go:237.2,239.17 2 1
course_project/pkg/parsing/lexer.go:243.2,250.14 3 1
course_project/pkg/parsing/lexer.go:216.12,219.14 3 0
course_project/pkg/parsing/lexer.go:220.12,221.14 1 0
course_project/pkg/parsing/lexer.go:222.11,223.24 1 1
course_project/pkg/parsing/lexer.go:233.28,235.3 1 1
course_project/pkg/parsing/lexer.go:239.17,241.3 1 1
course_project/pkg/parsing/lexer.go:253.66,264.29 4 1
course_project/pkg/parsing/lexer.go:268.2,269.17 2 1
course_project/pkg/parsing/lexer.go:273.2,280.14 3 1
course_project/pkg/parsing/lexer.go:264.29,266.3 1 1
course_project/pkg/parsing/lexer.go:269.17,271.3 1 1
course_project/pkg/parsing/lexer.go:283.70,290.38 5 1
course_project/pkg/parsing/lexer.go:323.2,323.14 1 1
course_project/pkg/parsing/lexer.go:290.38,295.34 3 1
course_project/pkg/parsing/lexer.go:318.3,318.36 1 1
course_project/pkg/parsing/lexer.go:295.34,296.34 1 1
course_project/pkg/parsing/lexer.go:302.4,302.31 1 1
course_project/pkg/parsing/lexer.go:311.4,313.32 3 1
course_project/pkg/parsing/lexer.go:296.34,297.18 1 1
course_project/pkg/parsing/lexer.go:297.18,298.20 1 1
course_project/pkg/parsing/lexer.go:302.31,304.33 2 1
course_project/pkg/parsing/lexer.go:308.5,308.13 1 1
course_project/pkg/parsing/lexer.go:304.33,306.6 1 1
course_project/pkg/parsing/lexer.go:313.32,315.5 1 1
course_project/pkg/parsing/lexer.go:318.36,319.9 1 1
course_project/pkg/parsing/lexer.go:326.69,327.72 1 1
course_project/pkg/parsing/lexer.go:331.2,335.21 4 1
course_project/pkg/parsing/lexer.go:338.2,342.55 4 1
course_project/pkg/parsing/lexer.go:356.2,356.21 1 1
course_project/pkg/parsing/lexer.go:360.2,364.14 1 1
course_project/pkg/parsing/lexer.go:327.72,329.3 1 0
course_project/pkg/parsing/lexer.go:335.21,337.3 1 1
course_project/pkg/parsing/lexer.go:342.55,347.70 4 1
course_project/pkg/parsing/lexer.go:353.3,353.8 1 1
course_project/pkg/parsing/lexer.go:347.70,350.12 3 1
course_project/pkg/parsing/lexer.go:356.21,358.3 1 0
course_project/pkg/parsing/parsing_query.go:41.43,43.2 1 1
course_project/pkg/parsing/parsing_query.go:45.57,46.35 1 1
course_project/pkg/parsing/parsing_query.go:50.2,50.35 1 1
course_project/pkg/parsing/parsing_query.go:46.35,48.3 1 0
course_project/pkg/parsing/parsing_query.go:53.52,58.2 1 1
course_project/pkg/parsing/parsing_query.go:60.61,62.34 2 1
course_project/pkg/parsing/parsing_query.go:68.2,68.48 1 1
course_project/pkg/parsing/parsing_query.go:62.34,64.3 1 1
course_project/pkg/parsing/parsing_query.go:64.8,66.3 1 0
course_project/pkg/parsing/parsing_query.go:71.108,73.63 2 1
course_project/pkg/parsing/parsing_query.go:76.2,81.9 4 1
course_project/pkg/parsing/parsing_query.go:85.2,85.16 1 1
course_project/pkg/parsing/parsing_query.go:91.2,93.60 2 1
course_project/pkg/parsing/parsing_query.go:107.2,108.9 2 1
course_project/pkg/parsing/parsing_query.go:112.2,114.25 2 1
course_project/pkg/parsing/parsing_query.go:73.63,75.3 1 1
course_project/pkg/parsing/parsing_query.go:81.9,83.3 1 1
course_project/pkg/parsing/parsing_query.go:85.16,87.3 1 1
course_project/pkg/parsing/parsing_query.go:87.8,89.3 1 1
course_project/pkg/parsing/parsing_query.go:93.60,97.10 3 1
course_project/pkg/parsing/parsing_query.go:102.3,103.21 2 1
course_project/pkg/parsing/parsing_query.go:97.10,100.4 2 1
course_project/pkg/parsing/parsing_query.go:108.9,110.3 1 0
course_project/pkg/parsing/parsing_query.go:117.86,120.35 2 1
course_project/pkg/parsing/parsing_query.go:124.2,125.26 2 1
course_project/pkg/parsing/parsing_query.go:129.2,129.34 1 1
course_project/pkg/parsing/parsing_query.go:120.35,122.3 1 0
course_project/pkg/parsing/parsing_query.go:125.26,127.3 1 1
course_project/pkg/parsing/parsing_query.go:132.50,137.2 1 1
course_project/pkg/parsing/parsing_query.go:139.89,147.6 6 1
course_project/pkg/parsing/parsing_query.go:188.2,188.21 1 1
course_project/pkg/parsing/parsing_query.go:147.6,148.36 1 1
course_project/pkg/parsing/parsing_query.go:153.3,154.32 2 1
course_project/pkg/parsing/parsing_query.go:158.3,158.30 1 1
course_project/pkg/parsing/parsing_query.go:148.36,150.4 1 0
course_project/pkg/parsing/parsing_query.go:154.32,155.15 1 1
course_project/pkg/parsing/parsing_query.go:158.30,160.10 2 1
course_project/pkg/parsing/parsing_query.go:160.10,161.28 1 1
course_project/pkg/parsing/parsing_query.go:184.5,184.23 1 1
course_project/pkg/parsing/parsing_query.go:161.28,162.42 1 1
course_project/pkg/parsing/parsing_query.go:162.42,167.7 2 1
course_project/pkg/parsing/parsing_query.go:168.11,169.16 1 1
course_project/pkg/parsing/parsing_query.go:169.16,172.7 2 1
course_project/pkg/parsing/parsing_query.go:172.12,172.23 1 1
course_project/pkg/parsing/parsing_query.go:172.23,175.7 2 1
course_project/pkg/parsing/parsing_query.go:175.12,181.15 5 1
course_project/pkg/parsing/parsing_query.go:191.117,198.6 4 1
course_project/pkg/parsing/parsing_query.go:240.2,240.45 1 1
course_project/pkg/parsing/parsing_query.go:198.6,199.36 1 1
course_project/pkg/parsing/parsing_query.go:203.3,204.33 2 1
course_project/pkg/parsing/parsing_query.go:213.3,213.40 1 1
course_project/pkg/parsing/parsing_query.go:220.3,220.20 1 1
course_project/pkg/parsing/parsing_query.go:230.3,231.10 2 1
course_project/pkg/parsing/parsing_query.go:235.3,237.27 2 1
course_project/pkg/parsing/parsing_query.go:199.36,201.4 1 0
course_project/pkg/parsing/parsing_query.go:204.33,205.42 1 1
course_project/pkg/parsing/parsing_query.go:205.42,209.5 3 1
course_project/pkg/parsing/parsing_query.go:213.40,214.33 1 1
course_project/pkg/parsing/parsing_query.go:214.33,215.16 1 1
course_project/pkg/parsing/parsing_query.go:220.20,221.62 1 1
course_project/pkg/parsing/parsing_query.go:226.4,226.12 1 1
course_project/pkg/parsing/parsing_query.go:221.62,224.5 2 1
course_project/pkg/parsing/parsing_query.go:231.10,234.4 2 1
course_project/pkg/parsing/parsing_query.go:243.89,247.29 3 1
course_project/pkg/parsing/parsing_query.go:256.2,256.34 1 1
course_project/pkg/parsing/parsing_query.go:247.29,249.9 2 1
course_project/pkg/parsing/parsing_query.go:249.9,253.4 1 1
course_project/pkg/parsing/parsing_query.go:259.65,262.16 3 1
course_project/pkg/parsing/parsing_query.go:266.2,268.9 3 1
course_project/pkg/parsing/parsing_query.go:277.2,277.18 1 1
course_project/pkg/parsing/parsing_query.go:262.16,264.3 1 0
course_project/pkg/parsing/parsing_query.go:268.9,271.17 2 1
course_project/pkg/parsing/parsing_query.go:274.3,274.49 1 1
course_project/pkg/parsing/parsing_query.go:271.17,273.4 1 1
course_project/pkg/parsing/parsing_query.go:280.82,285.8 4 1
course_project/pkg/parsing/parsing_query.go:289.2,289.24 1 1
course_project/pkg/parsing/parsing_query.go:285.8,287.3 1 1
course_project/pkg/parsing/parsing_query.go:296.25,298.2 1 1
