mode: set
course_project/pkg/sending/csv_model.go:13.60,14.36 1 1
course_project/pkg/sending/csv_model.go:20.2,20.14 1 1
course_project/pkg/sending/csv_model.go:14.36,15.18 1 1
course_project/pkg/sending/csv_model.go:15.18,17.4 1 1
course_project/pkg/sending/csv_model.go:23.54,24.33 1 0
course_project/pkg/sending/csv_model.go:30.2,30.11 1 0
course_project/pkg/sending/csv_model.go:24.33,25.33 1 0
course_project/pkg/sending/csv_model.go:25.33,27.4 1 0
course_project/pkg/sending/csv_model.go:33.39,34.31 1 0
course_project/pkg/sending/csv_model.go:50.2,50.12 1 0
course_project/pkg/sending/csv_model.go:34.31,35.32 1 0
course_project/pkg/sending/csv_model.go:35.32,37.18 2 0
course_project/pkg/sending/csv_model.go:40.4,40.10 1 0
course_project/pkg/sending/csv_model.go:37.18,39.5 1 0
course_project/pkg/sending/csv_model.go:40.10,43.25 2 0
course_project/pkg/sending/csv_model.go:43.25,45.6 1 0
course_project/pkg/sending/parse_csv.go:18.42,23.41 4 0
course_project/pkg/sending/parse_csv.go:27.2,27.15 1 0
course_project/pkg/sending/parse_csv.go:23.41,25.3 1 0
course_project/pkg/sending/parse_csv.go:30.42,33.16 2 0
course_project/pkg/sending/parse_csv.go:37.2,41.56 3 0
course_project/pkg/sending/parse_csv.go:45.2,47.16 2 0
course_project/pkg/sending/parse_csv.go:51.2,51.42 1 0
course_project/pkg/sending/parse_csv.go:55.2,55.12 1 0
course_project/pkg/sending/parse_csv.go:33.16,35.3 1 0
course_project/pkg/sending/parse_csv.go:41.56,43.3 1 0
course_project/pkg/sending/parse_csv.go:47.16,49.3 1 0
course_project/pkg/sending/parse_csv.go:51.42,53.3 1 0
course_project/pkg/sending/parse_csv.go:58.87,59.25 1 0
course_project/pkg/sending/parse_csv.go:65.2,66.16 2 0
course_project/pkg/sending/parse_csv.go:69.2,71.16 2 0
course_project/pkg/sending/parse_csv.go:75.2,75.17 1 0
course_project/pkg/sending/parse_csv.go:59.25,60.57 1 0
course_project/pkg/sending/parse_csv.go:60.57,62.4 1 0
course_project/pkg/sending/parse_csv.go:66.16,68.3 1 0
course_project/pkg/sending/parse_csv.go:71.16,73.3 1 0
course_project/pkg/sending/parse_csv.go:78.94,79.32 1 1
course_project/pkg/sending/parse_csv.go:87.2,87.36 1 1
course_project/pkg/sending/parse_csv.go:96.2,96.17 1 1
course_project/pkg/sending/parse_csv.go:79.32,82.60 2 1
course_project/pkg/sending/parse_csv.go:82.60,84.4 1 0
course_project/pkg/sending/parse_csv.go:87.36,89.9 2 1
course_project/pkg/sending/parse_csv.go:89.9,90.61 1 1
course_project/pkg/sending/parse_csv.go:90.61,92.5 1 1
course_project/pkg/sending/parse_csv.go:100.83,104.39 3 0
course_project/pkg/sending/parse_csv.go:108.2,108.25 1 0
course_project/pkg/sending/parse_csv.go:120.2,120.38 1 0
course_project/pkg/sending/parse_csv.go:201.2,201.24 1 0
course_project/pkg/sending/parse_csv.go:104.39,106.3 1 0
course_project/pkg/sending/parse_csv.go:108.25,110.33 2 0
course_project/pkg/sending/parse_csv.go:117.3,117.39 1 0
course_project/pkg/sending/parse_csv.go:110.33,115.4 3 0
course_project/pkg/sending/parse_csv.go:120.38,125.34 4 0
course_project/pkg/sending/parse_csv.go:187.3,187.39 1 0
course_project/pkg/sending/parse_csv.go:125.34,128.18 2 0
course_project/pkg/sending/parse_csv.go:128.18,131.12 2 0
course_project/pkg/sending/parse_csv.go:135.5,136.24 2 0
course_project/pkg/sending/parse_csv.go:140.5,142.19 2 0
course_project/pkg/sending/parse_csv.go:146.5,146.11 1 0
course_project/pkg/sending/parse_csv.go:131.12,133.6 1 0
course_project/pkg/sending/parse_csv.go:136.24,138.6 1 0
course_project/pkg/sending/parse_csv.go:142.19,144.6 1 0
course_project/pkg/sending/parse_csv.go:146.11,147.18 1 0
course_project/pkg/sending/parse_csv.go:156.6,156.18 1 0
course_project/pkg/sending/parse_csv.go:147.18,148.25 1 0
course_project/pkg/sending/parse_csv.go:148.25,149.18 1 0
course_project/pkg/sending/parse_csv.go:149.18,151.14 2 0
course_project/pkg/sending/parse_csv.go:157.11,160.24 2 0
course_project/pkg/sending/parse_csv.go:160.24,161.12 1 0
course_project/pkg/sending/parse_csv.go:164.10,167.12 2 0
course_project/pkg/sending/parse_csv.go:171.5,171.58 1 0
course_project/pkg/sending/parse_csv.go:167.12,169.6 1 0
course_project/pkg/sending/parse_csv.go:171.58,172.35 1 0
course_project/pkg/sending/parse_csv.go:176.6,176.27 1 0
course_project/pkg/sending/parse_csv.go:172.35,174.7 1 0
course_project/pkg/sending/parse_csv.go:177.11,177.64 1 0
course_project/pkg/sending/parse_csv.go:177.64,178.36 1 0
course_project/pkg/sending/parse_csv.go:182.6,182.26 1 0
course_project/pkg/sending/parse_csv.go:178.36,180.7 1 0
course_project/pkg/sending/parse_csv.go:187.39,188.27 1 0
course_project/pkg/sending/parse_csv.go:188.27,190.37 2 0
course_project/pkg/sending/parse_csv.go:194.5,194.46 1 0
course_project/pkg/sending/parse_csv.go:190.37,192.6 1 0
course_project/pkg/sending/parse_csv.go:195.10,197.5 1 0
course_project/pkg/sending/parse_csv.go:206.115,211.39 4 0
course_project/pkg/sending/parse_csv.go:223.2,223.44 1 0
course_project/pkg/sending/parse_csv.go:288.2,288.19 1 0
course_project/pkg/sending/parse_csv.go:211.39,213.17 2 0
course_project/pkg/sending/parse_csv.go:216.3,217.17 2 0
course_project/pkg/sending/parse_csv.go:220.3,220.15 1 0
course_project/pkg/sending/parse_csv.go:213.17,215.4 1 0
course_project/pkg/sending/parse_csv.go:217.17,219.4 1 0
course_project/pkg/sending/parse_csv.go:224.31,225.12 1 0
course_project/pkg/sending/parse_csv.go:234.34,235.12 1 0
course_project/pkg/sending/parse_csv.go:244.29,245.12 1 0
course_project/pkg/sending/parse_csv.go:254.34,255.12 1 0
course_project/pkg/sending/parse_csv.go:264.29,265.12 1 0
course_project/pkg/sending/parse_csv.go:274.33,275.12 1 0
course_project/pkg/sending/parse_csv.go:284.10,285.81 1 0
course_project/pkg/sending/parse_csv.go:225.12,226.27 1 0
course_project/pkg/sending/parse_csv.go:226.27,228.5 1 0
course_project/pkg/sending/parse_csv.go:229.9,230.27 1 0
course_project/pkg/sending/parse_csv.go:230.27,232.5 1 0
course_project/pkg/sending/parse_csv.go:235.12,236.27 1 0
course_project/pkg/sending/parse_csv.go:236.27,238.5 1 0
course_project/pkg/sending/parse_csv.go:239.9,240.27 1 0
course_project/pkg/sending/parse_csv.go:240.27,242.5 1 0
course_project/pkg/sending/parse_csv.go:245.12,246.26 1 0
course_project/pkg/sending/parse_csv.go:246.26,248.5 1 0
course_project/pkg/sending/parse_csv.go:249.9,250.26 1 0
course_project/pkg/sending/parse_csv.go:250.26,252.5 1 0
course_project/pkg/sending/parse_csv.go:255.12,256.27 1 0
course_project/pkg/sending/parse_csv.go:256.27,258.5 1 0
course_project/pkg/sending/parse_csv.go:259.9,260.27 1 0
course_project/pkg/sending/parse_csv.go:260.27,262.5 1 0
course_project/pkg/sending/parse_csv.go:265.12,266.26 1 0
course_project/pkg/sending/parse_csv.go:266.26,268.5 1 0
course_project/pkg/sending/parse_csv.go:269.9,270.26 1 0
course_project/pkg/sending/parse_csv.go:270.26,272.5 1 0
course_project/pkg/sending/parse_csv.go:275.12,276.27 1 0
course_project/pkg/sending/parse_csv.go:276.27,278.5 1 0
course_project/pkg/sending/parse_csv.go:279.9,280.27 1 0
course_project/pkg/sending/parse_csv.go:280.27,282.5 1 0
course_project/pkg/sending/parse_csv.go:291.47,293.2 1 0
